<?xml version="1.0" encoding="UTF-8"?>
<!-- Generated by org.testng.reporters.JUnitReportReporter -->
<testsuite hostname="DESKTOP-E361VM0" failures="0" tests="2" name="com.alchemist.BookAPICrudTests" time="3.752" errors="0" timestamp="2026-01-09T23:11:59 IST" skipped="0">
  <testcase classname="com.alchemist.BookAPICrudTests" name="addBookTest" time="3.021"/>
  <testcase classname="com.alchemist.BookAPICrudTests" name="addBookTestGenerateISBN" time="0.731"/>
</testsuite> <!-- com.alchemist.BookAPICrudTests -->
