<?xml version="1.0" encoding="UTF-8"?>
<!-- Generated by org.testng.reporters.JUnitReportReporter -->
<testsuite hostname="DESKTOP-E361VM0" failures="0" tests="1" name="testng.TestNGAnnoDemo" time="0.020" errors="0" timestamp="2025-12-31T18:50:53 IST" skipped="0">
  <testcase classname="testng.TestNGAnnoDemo" name="testMethod" time="0.020">
    <system-out>
      <![CDATA[Test]]>
    </system-out>
  </testcase> <!-- testMethod -->
  <system-out>
    <![CDATA[beforeMethod
Test
afterMethod]]>
  </system-out>
</testsuite> <!-- testng.TestNGAnnoDemo -->
