<?xml version="1.0" encoding="UTF-8"?>
<!-- Generated by org.testng.reporters.JUnitReportReporter -->
<testsuite hostname="DESKTOP-E361VM0" failures="0" tests="2" name="testng.DataProviderClass" time="0.008" errors="0" timestamp="2025-12-31T22:50:53 IST" skipped="0">
  <testcase classname="testng.DataProviderClass" name="testParameterization" time="0.001">
    <system-out>
      <![CDATA[rohit @dmin]]>
    </system-out>
  </testcase> <!-- testParameterization -->
  <testcase classname="testng.DataProviderClass" name="testParameterization" time="0.007">
    <system-out>
      <![CDATA[pramod admin]]>
    </system-out>
  </testcase> <!-- testParameterization -->
  <system-out>
    <![CDATA[pramod admin
rohit @dmin]]>
  </system-out>
</testsuite> <!-- testng.DataProviderClass -->
