<?xml version="1.0" encoding="UTF-8"?>
<!-- Generated by org.testng.reporters.JUnitReportReporter -->
<testsuite hostname="DESKTOP-E361VM0" failures="0" tests="2" name="testng.MulBrowserLaunchTestNG" time="6.727" errors="0" timestamp="2025-12-31T22:32:51 IST" skipped="0">
  <testcase classname="testng.MulBrowserLaunchTestNG" name="loginMulBroserTest" time="3.769"/>
  <testcase classname="testng.MulBrowserLaunchTestNG" name="loginMulBroserTest" time="2.958"/>
</testsuite> <!-- testng.MulBrowserLaunchTestNG -->
