<?xml version="1.0" encoding="UTF-8"?>
<!-- Generated by org.testng.reporters.JUnitReportReporter -->
<testsuite hostname="DESKTOP-E361VM0" failures="0" tests="3" name="gridTests.GridFrameworkTest" time="43.613" errors="0" timestamp="2026-01-16T19:52:50 IST" skipped="0">
  <testcase classname="gridTests.GridFrameworkTest" name="openGoogle" time="15.579"/>
  <testcase classname="gridTests.GridFrameworkTest" name="openGoogle" time="15.385"/>
  <testcase classname="gridTests.GridFrameworkTest" name="openGoogle" time="12.649"/>
</testsuite> <!-- gridTests.GridFrameworkTest -->
