<?xml version="1.0" encoding="UTF-8"?>
<!-- Generated by org.testng.reporters.JUnitReportReporter -->
<testsuite hostname="DESKTOP-E361VM0" failures="0" tests="2" name="testng.TestNgKeywords" time="0.009" errors="0" timestamp="2025-12-31T21:52:28 IST" skipped="0">
  <testcase classname="testng.TestNgKeywords" name="testA" time="0.008">
    <system-out>
      <![CDATA[Executing first test]]>
    </system-out>
  </testcase> <!-- testA -->
  <testcase classname="testng.TestNgKeywords" name="testA" time="0.001">
    <system-out>
      <![CDATA[Executing first test]]>
    </system-out>
  </testcase> <!-- testA -->
  <system-out>
    <![CDATA[Executing first test
Executing first test]]>
  </system-out>
</testsuite> <!-- testng.TestNgKeywords -->
