<?xml version="1.0" encoding="UTF-8"?>
<testng-results ignored="0" total="1" passed="1" failed="0" skipped="0">
  <reporter-output>
  </reporter-output>
  <suite started-at="2026-01-11T23:13:12 IST" name="Default suite" finished-at="2026-01-11T23:13:14 IST" duration-ms="2044">
    <groups>
    </groups>
    <test started-at="2026-01-11T23:13:12 IST" name="Default test" finished-at="2026-01-11T23:13:14 IST" duration-ms="2044">
      <class name="com.alchemist.LibraryApiHashMapToJsonTest">
        <test-method signature="addBookHashMaptoJsonTest()[pri:0, instance:com.alchemist.LibraryApiHashMapToJsonTest@747ddf94]" started-at="2026-01-11T23:13:12 IST" name="addBookHashMaptoJsonTest" finished-at="2026-01-11T23:13:14 IST" duration-ms="1977" status="PASS">
          <reporter-output>
          </reporter-output>
        </test-method> <!-- addBookHashMaptoJsonTest -->
      </class> <!-- com.alchemist.LibraryApiHashMapToJsonTest -->
    </test> <!-- Default test -->
  </suite> <!-- Default suite -->
</testng-results>
