<?xml version="1.0" encoding="UTF-8"?>
<testng-results ignored="0" total="1" passed="1" failed="0" skipped="0">
  <reporter-output>
  </reporter-output>
  <suite started-at="2026-01-11T01:08:40 IST" name="Default suite" finished-at="2026-01-11T01:08:42 IST" duration-ms="2251">
    <groups>
    </groups>
    <test started-at="2026-01-11T01:08:40 IST" name="Default test" finished-at="2026-01-11T01:08:42 IST" duration-ms="2251">
      <class name="com.alchemist.RahulShettyOAuthTest">
        <test-method signature="getCourseDetails_shouldMatchExpectedData()[pri:0, instance:com.alchemist.RahulShettyOAuthTest@59662a0b]" started-at="2026-01-11T01:08:40 IST" name="getCourseDetails_shouldMatchExpectedData" finished-at="2026-01-11T01:08:42 IST" duration-ms="2215" status="PASS">
          <reporter-output>
          </reporter-output>
        </test-method> <!-- getCourseDetails_shouldMatchExpectedData -->
      </class> <!-- com.alchemist.RahulShettyOAuthTest -->
    </test> <!-- Default test -->
  </suite> <!-- Default suite -->
</testng-results>
