<?xml version="1.0" encoding="UTF-8"?>
<!-- Generated by org.testng.reporters.JUnitXMLReporter -->
<testsuite ignored="2" hostname="DESKTOP-E361VM0" failures="0" tests="2" name="Test" time="0.059" errors="0" timestamp="2025-12-31T21:52:27 IST">
  <testcase classname="testng.TestNgKeywords" name="testA" time="0.008"/>
  <testcase classname="testng.TestNgKeywords" name="testA" time="0.001"/>
  <testcase classname="testng.TestNgKeywords" name="testB" time="0.0">
    <ignored/>
  </testcase> <!-- testB -->
  <testcase classname="testng.TestNgKeywords" name="testC" time="0.0">
    <ignored/>
  </testcase> <!-- testC -->
</testsuite> <!-- Test -->
