<?xml version="1.0" encoding="UTF-8"?>
<testng-results ignored="0" total="2" passed="2" failed="0" skipped="0">
  <reporter-output>
  </reporter-output>
  <suite started-at="2026-01-09T23:11:56 IST" name="Default suite" finished-at="2026-01-09T23:11:59 IST" duration-ms="3816">
    <groups>
    </groups>
    <test started-at="2026-01-09T23:11:56 IST" name="Default test" finished-at="2026-01-09T23:11:59 IST" duration-ms="3816">
      <class name="com.alchemist.BookAPICrudTests">
        <test-method signature="addBookTest()[pri:0, instance:com.alchemist.BookAPICrudTests@55183b20]" started-at="2026-01-09T23:11:56 IST" name="addBookTest" finished-at="2026-01-09T23:11:59 IST" duration-ms="3021" status="PASS">
          <reporter-output>
          </reporter-output>
        </test-method> <!-- addBookTest -->
        <test-method signature="addBookTestGenerateISBN()[pri:0, instance:com.alchemist.BookAPICrudTests@55183b20]" started-at="2026-01-09T23:11:59 IST" name="addBookTestGenerateISBN" finished-at="2026-01-09T23:11:59 IST" duration-ms="731" status="PASS">
          <reporter-output>
          </reporter-output>
        </test-method> <!-- addBookTestGenerateISBN -->
      </class> <!-- com.alchemist.BookAPICrudTests -->
    </test> <!-- Default test -->
  </suite> <!-- Default suite -->
</testng-results>
