<?xml version="1.0" encoding="UTF-8"?>
<testng-results ignored="0" total="1" passed="1" failed="0" skipped="0">
  <reporter-output>
  </reporter-output>
  <suite started-at="2026-01-11T17:31:23 IST" name="Default suite" finished-at="2026-01-11T17:31:23 IST" duration-ms="398">
    <groups>
    </groups>
    <test started-at="2026-01-11T17:31:23 IST" name="Default test" finished-at="2026-01-11T17:31:23 IST" duration-ms="398">
      <class name="com.alchemist.tests.OAuthTest">
        <test-method signature="client_cred_Test()[pri:0, instance:com.alchemist.tests.OAuthTest@609e57da]" started-at="2026-01-11T17:31:23 IST" name="client_cred_Test" finished-at="2026-01-11T17:31:23 IST" duration-ms="358" status="PASS">
          <reporter-output>
          </reporter-output>
        </test-method> <!-- client_cred_Test -->
      </class> <!-- com.alchemist.tests.OAuthTest -->
    </test> <!-- Default test -->
  </suite> <!-- Default suite -->
</testng-results>
