<?xml version="1.0" encoding="UTF-8"?>
<!-- Generated by org.testng.reporters.JUnitXMLReporter -->
<testsuite ignored="0" hostname="DESKTOP-E361VM0" failures="0" tests="1" name="Chrome_QA" time="10.555" errors="0" timestamp="2026-01-18T17:43:28 IST">
  <testcase classname="com.alchemist.base.BaseTest" name="@BeforeMethod setup" time="2.069">
    <failure type="org.openqa.selenium.SessionNotCreatedException" message="Could not start a new session. Possible causes are invalid address of the remote server or browser start-up failure. 
Host info: host: &amp;apos;DESKTOP-E361VM0&amp;apos;, ip: &amp;apos;192.168.1.36&amp;apos;
Build info: version: &amp;apos;4.16.1&amp;apos;, revision: &amp;apos;9b4c83354e&amp;apos;
System info: os.name: &amp;apos;Windows 11&amp;apos;, os.arch: &amp;apos;amd64&amp;apos;, os.version: &amp;apos;10.0&amp;apos;, java.version: &amp;apos;17.0.16&amp;apos;
Driver info: org.openqa.selenium.firefox.FirefoxDriver
Command: [null, newSession {capabilities=[Capabilities {acceptInsecureCerts: true, browserName: firefox, moz:debuggerAddress: true, moz:firefoxOptions: {}}]}]">
      <![CDATA[org.openqa.selenium.SessionNotCreatedException: Could not start a new session. Possible causes are invalid address of the remote server or browser start-up failure. 
Host info: host: 'DESKTOP-E361VM0', ip: '192.168.1.36'
Build info: version: '4.16.1', revision: '9b4c83354e'
System info: os.name: 'Windows 11', os.arch: 'amd64', os.version: '10.0', java.version: '17.0.16'
Driver info: org.openqa.selenium.firefox.FirefoxDriver
Command: [null, newSession {capabilities=[Capabilities {acceptInsecureCerts: true, browserName: firefox, moz:debuggerAddress: true, moz:firefoxOptions: {}}]}]
at org.openqa.selenium.remote.RemoteWebDriver.execute(RemoteWebDriver.java:541)
at org.openqa.selenium.remote.RemoteWebDriver.startSession(RemoteWebDriver.java:237)
at org.openqa.selenium.remote.RemoteWebDriver.<init>(RemoteWebDriver.java:164)
at org.openqa.selenium.firefox.FirefoxDriver.<init>(FirefoxDriver.java:157)
at org.openqa.selenium.firefox.FirefoxDriver.<init>(FirefoxDriver.java:152)
at org.openqa.selenium.firefox.FirefoxDriver.<init>(FirefoxDriver.java:133)
at org.openqa.selenium.firefox.FirefoxDriver.<init>(FirefoxDriver.java:128)
at org.openqa.selenium.firefox.FirefoxDriver.<init>(FirefoxDriver.java:113)
at org.openqa.selenium.firefox.FirefoxDriver.<init>(FirefoxDriver.java:103)
at com.alchemist.base.DriverFactory.initDriver(DriverFactory.java:69)
at com.alchemist.base.BaseTest.setup(BaseTest.java:25)
at java.base/java.util.ArrayList.forEach(ArrayList.java:1511)
at java.base/java.util.concurrent.FutureTask.run(FutureTask.java:264)
at java.base/java.util.concurrent.ThreadPoolExecutor.runWorker(ThreadPoolExecutor.java:1136)
at java.base/java.util.concurrent.ThreadPoolExecutor$Worker.run(ThreadPoolExecutor.java:635)
at java.base/java.lang.Thread.run(Thread.java:840)
Caused by: java.io.UncheckedIOException: java.io.IOException: Cannot run program "drivers/geckodriver.exe": CreateProcess error=216, This version of %1 is not compatible with the version of Windows you're running. Check your computer's system information and then contact the software publisher
at org.openqa.selenium.os.ExternalProcess$Builder.start(ExternalProcess.java:193)
at org.openqa.selenium.remote.service.DriverService.start(DriverService.java:208)
at org.openqa.selenium.remote.service.DriverCommandExecutor.execute(DriverCommandExecutor.java:119)
at org.openqa.selenium.remote.RemoteWebDriver.execute(RemoteWebDriver.java:523)
... 36 more
Caused by: java.io.IOException: Cannot run program "drivers/geckodriver.exe": CreateProcess error=216, This version of %1 is not compatible with the version of Windows you're running. Check your computer's system information and then contact the software publisher
at java.base/java.lang.ProcessBuilder.start(ProcessBuilder.java:1143)
at java.base/java.lang.ProcessBuilder.start(ProcessBuilder.java:1073)
at org.openqa.selenium.os.ExternalProcess$Builder.start(ExternalProcess.java:191)
... 39 more
Caused by: java.io.IOException: CreateProcess error=216, This version of %1 is not compatible with the version of Windows you're running. Check your computer's system information and then contact the software publisher
at java.base/java.lang.ProcessImpl.create(Native Method)
at java.base/java.lang.ProcessImpl.<init>(ProcessImpl.java:505)
at java.base/java.lang.ProcessImpl.start(ProcessImpl.java:158)
at java.base/java.lang.ProcessBuilder.start(ProcessBuilder.java:1110)
... 41 more
... Removed 21 stack frames]]>
    </failure>
  </testcase> <!-- @BeforeMethod setup -->
  <testcase classname="com.alchemist.tests.LoginTest" name="validLoginTest" time="0.439"/>
</testsuite> <!-- Chrome_QA -->
