<?xml version="1.0" encoding="UTF-8"?>
<!-- Generated by org.testng.reporters.JUnitReportReporter -->
<testsuite hostname="DESKTOP-E361VM0" failures="0" tests="3" name="com.alchemist.AddBookExcelSpecBuilderTest" time="3.891" errors="0" timestamp="2026-01-11T22:08:29 IST" skipped="0">
  <testcase classname="com.alchemist.AddBookExcelSpecBuilderTest" name="addBookThenDeleteBook_usingSpecBuilder" time="3.339"/>
  <testcase classname="com.alchemist.AddBookExcelSpecBuilderTest" name="addBookThenDeleteBook_usingSpecBuilder" time="0.329"/>
  <testcase classname="com.alchemist.AddBookExcelSpecBuilderTest" name="addBookThenDeleteBook_usingSpecBuilder" time="0.223"/>
</testsuite> <!-- com.alchemist.AddBookExcelSpecBuilderTest -->
