<?xml version="1.0" encoding="UTF-8"?>
<testng-results ignored="0" total="1" passed="1" failed="0" skipped="0">
  <reporter-output>
  </reporter-output>
  <suite started-at="2026-01-11T22:37:30 IST" name="Default suite" finished-at="2026-01-11T22:37:34 IST" duration-ms="3956">
    <groups>
    </groups>
    <test started-at="2026-01-11T22:37:30 IST" name="Default test" finished-at="2026-01-11T22:37:34 IST" duration-ms="3956">
      <class name="com.alchemist.AddPlaceWithHashMapTest">
        <test-method signature="addPlace_usingHashMapPayload()[pri:0, instance:com.alchemist.AddPlaceWithHashMapTest@747ddf94]" started-at="2026-01-11T22:37:30 IST" name="addPlace_usingHashMapPayload" finished-at="2026-01-11T22:37:34 IST" duration-ms="3878" status="PASS">
          <reporter-output>
          </reporter-output>
        </test-method> <!-- addPlace_usingHashMapPayload -->
      </class> <!-- com.alchemist.AddPlaceWithHashMapTest -->
    </test> <!-- Default test -->
  </suite> <!-- Default suite -->
</testng-results>
