<?xml version="1.0" encoding="UTF-8"?>
<testng-results ignored="0" total="3" passed="3" failed="0" skipped="0">
  <reporter-output>
  </reporter-output>
  <suite started-at="2026-01-16T19:52:35 IST" name="Grid Suite" finished-at="2026-01-16T19:52:50 IST" duration-ms="15650">
    <groups>
    </groups>
    <test started-at="2026-01-16T19:52:35 IST" name="Firefox Test" finished-at="2026-01-16T19:52:47 IST" duration-ms="12730">
      <class name="gridTests.GridFrameworkTest">
        <test-method is-config="true" signature="setup(java.lang.String)[pri:0, instance:gridTests.GridFrameworkTest@399c4be1]" started-at="2026-01-16T19:52:35 IST" name="setup" finished-at="2026-01-16T19:52:43 IST" duration-ms="8151" status="PASS">
          <params>
            <param index="0">
              <value>
                <![CDATA[firefox]]>
              </value>
            </param>
          </params>
          <reporter-output>
          </reporter-output>
        </test-method> <!-- setup -->
        <test-method signature="openGoogle()[pri:0, instance:gridTests.GridFrameworkTest@399c4be1]" started-at="2026-01-16T19:52:43 IST" name="openGoogle" finished-at="2026-01-16T19:52:47 IST" duration-ms="4498" status="PASS">
          <reporter-output>
          </reporter-output>
        </test-method> <!-- openGoogle -->
      </class> <!-- gridTests.GridFrameworkTest -->
    </test> <!-- Firefox Test -->
    <test started-at="2026-01-16T19:52:35 IST" name="Edge Test" finished-at="2026-01-16T19:52:50 IST" duration-ms="15458">
      <class name="gridTests.GridFrameworkTest">
        <test-method is-config="true" signature="setup(java.lang.String)[pri:0, instance:gridTests.GridFrameworkTest@385e9564]" started-at="2026-01-16T19:52:35 IST" name="setup" finished-at="2026-01-16T19:52:37 IST" duration-ms="2583" status="PASS">
          <params>
            <param index="0">
              <value>
                <![CDATA[edge]]>
              </value>
            </param>
          </params>
          <reporter-output>
          </reporter-output>
        </test-method> <!-- setup -->
        <test-method signature="openGoogle()[pri:0, instance:gridTests.GridFrameworkTest@385e9564]" started-at="2026-01-16T19:52:37 IST" name="openGoogle" finished-at="2026-01-16T19:52:50 IST" duration-ms="12802" status="PASS">
          <reporter-output>
          </reporter-output>
        </test-method> <!-- openGoogle -->
      </class> <!-- gridTests.GridFrameworkTest -->
    </test> <!-- Edge Test -->
    <test started-at="2026-01-16T19:52:35 IST" name="Chrome Test" finished-at="2026-01-16T19:52:50 IST" duration-ms="15650">
      <class name="gridTests.GridFrameworkTest">
        <test-method is-config="true" signature="setup(java.lang.String)[pri:0, instance:gridTests.GridFrameworkTest@3eb25e1a]" started-at="2026-01-16T19:52:35 IST" name="setup" finished-at="2026-01-16T19:52:37 IST" duration-ms="2583" status="PASS">
          <params>
            <param index="0">
              <value>
                <![CDATA[chrome]]>
              </value>
            </param>
          </params>
          <reporter-output>
          </reporter-output>
        </test-method> <!-- setup -->
        <test-method signature="openGoogle()[pri:0, instance:gridTests.GridFrameworkTest@3eb25e1a]" started-at="2026-01-16T19:52:37 IST" name="openGoogle" finished-at="2026-01-16T19:52:50 IST" duration-ms="12996" status="PASS">
          <reporter-output>
          </reporter-output>
        </test-method> <!-- openGoogle -->
      </class> <!-- gridTests.GridFrameworkTest -->
    </test> <!-- Chrome Test -->
  </suite> <!-- Grid Suite -->
</testng-results>
