<?xml version="1.0" encoding="UTF-8"?>
<testng-results ignored="0" total="2" passed="2" failed="0" skipped="0">
  <reporter-output>
    <line>
      <![CDATA[pramod admin]]>
    </line>
    <line>
      <![CDATA[rohit @dmin]]>
    </line>
  </reporter-output>
  <suite started-at="2025-12-31T22:50:53 IST" name="Default suite" finished-at="2025-12-31T22:50:53 IST" duration-ms="57">
    <groups>
    </groups>
    <test started-at="2025-12-31T22:50:53 IST" name="Default test" finished-at="2025-12-31T22:50:53 IST" duration-ms="57">
      <class name="testng.DataProviderClass">
        <test-method signature="testParameterization(java.lang.String,java.lang.String)[pri:0, instance:testng.DataProviderClass@179ece50]" started-at="2025-12-31T22:50:53 IST" name="testParameterization" data-provider="dataBank" finished-at="2025-12-31T22:50:53 IST" duration-ms="7" status="PASS">
          <params>
            <param index="0">
              <value>
                <![CDATA[pramod]]>
              </value>
            </param>
            <param index="1">
              <value>
                <![CDATA[admin]]>
              </value>
            </param>
          </params>
          <reporter-output>
            <line>
              <![CDATA[pramod admin]]>
            </line>
          </reporter-output>
        </test-method> <!-- testParameterization -->
        <test-method signature="testParameterization(java.lang.String,java.lang.String)[pri:0, instance:testng.DataProviderClass@179ece50]" started-at="2025-12-31T22:50:53 IST" name="testParameterization" data-provider="dataBank" finished-at="2025-12-31T22:50:53 IST" duration-ms="1" status="PASS">
          <params>
            <param index="0">
              <value>
                <![CDATA[rohit]]>
              </value>
            </param>
            <param index="1">
              <value>
                <![CDATA[@dmin]]>
              </value>
            </param>
          </params>
          <reporter-output>
            <line>
              <![CDATA[rohit @dmin]]>
            </line>
          </reporter-output>
        </test-method> <!-- testParameterization -->
      </class> <!-- testng.DataProviderClass -->
    </test> <!-- Default test -->
  </suite> <!-- Default suite -->
</testng-results>
