<?xml version="1.0" encoding="UTF-8"?>
<testng-results ignored="0" total="1" passed="1" failed="0" skipped="0">
  <reporter-output>
  </reporter-output>
  <suite started-at="2026-01-11T18:45:03 IST" name="Default suite" finished-at="2026-01-11T18:45:06 IST" duration-ms="2231">
    <groups>
    </groups>
    <test started-at="2026-01-11T18:45:03 IST" name="Default test" finished-at="2026-01-11T18:45:06 IST" duration-ms="2231">
      <class name="com.alchemist.MapsTest">
        <test-method signature="addMapTest()[pri:0, instance:com.alchemist.MapsTest@59662a0b]" started-at="2026-01-11T18:45:03 IST" name="addMapTest" finished-at="2026-01-11T18:45:06 IST" duration-ms="2194" status="PASS">
          <reporter-output>
          </reporter-output>
        </test-method> <!-- addMapTest -->
      </class> <!-- com.alchemist.MapsTest -->
    </test> <!-- Default test -->
  </suite> <!-- Default suite -->
</testng-results>
