<?xml version="1.0" encoding="UTF-8"?>
<testng-results ignored="0" total="1" passed="1" failed="0" skipped="0">
  <reporter-output>
  </reporter-output>
  <suite started-at="2026-01-11T19:12:41 IST" name="Default suite" finished-at="2026-01-11T19:12:43 IST" duration-ms="1782">
    <groups>
    </groups>
    <test started-at="2026-01-11T19:12:41 IST" name="Default test" finished-at="2026-01-11T19:12:43 IST" duration-ms="1782">
      <class name="com.alchemist.MapTestWithSpecBuilder">
        <test-method signature="addPlace()[pri:0, instance:com.alchemist.MapTestWithSpecBuilder@59662a0b]" started-at="2026-01-11T19:12:41 IST" name="addPlace" finished-at="2026-01-11T19:12:43 IST" duration-ms="1741" status="PASS">
          <reporter-output>
          </reporter-output>
        </test-method> <!-- addPlace -->
      </class> <!-- com.alchemist.MapTestWithSpecBuilder -->
    </test> <!-- Default test -->
  </suite> <!-- Default suite -->
</testng-results>
