<?xml version="1.0" encoding="UTF-8"?>
<!-- Generated by org.testng.reporters.JUnitXMLReporter -->
<testsuite ignored="0" hostname="DESKTOP-E361VM0" failures="0" tests="3" name="Default test" time="5.129" errors="0" timestamp="2026-01-11T22:08:28 IST">
  <testcase classname="com.alchemist.AddBookExcelSpecBuilderTest" name="addBookThenDeleteBook_usingSpecBuilder" time="3.339"/>
  <testcase classname="com.alchemist.AddBookExcelSpecBuilderTest" name="addBookThenDeleteBook_usingSpecBuilder" time="0.329"/>
  <testcase classname="com.alchemist.AddBookExcelSpecBuilderTest" name="addBookThenDeleteBook_usingSpecBuilder" time="0.223"/>
</testsuite> <!-- Default test -->
